{
  "utility_score": 0.5525,
  "final_score": 0.59725,
  "drift_score": 0,
  "drift_warning_counter": 0,
  "exploration_ready": false,
  "rollbacked": false,
  "emergency_reset": false,
  "mutation_freeze_until": null,
  "metrics": {
    "memory_file_exists": 1,
    "memory_nonempty_line_count": 10,
    "memory_heading_count": 4,
    "duplicate_count": 0,
    "conflict_count": 0,
    "template_required_placeholder_ratio": 1,
    "categorization_category_count": 4,
    "categorization_pattern_count": 12,
    "categorization_coverage_ratio": 0.25,
    "line_count_zone_score": 0.5,
    "heading_count_zone_score": 1,
    "redundancy_penalty": 0,
    "conflict_penalty": 0,
    "length_inflation_penalty": 0
  }
}
{
  "at": "2026-02-24T13:34:43.759Z",
  "type": "mutation_attempt",
  "decision": "skipped",
  "ok": false,
  "reason": "exploration_not_ready"
}
{
  "utility_score": 0.5525,
  "final_score": 0.59725,
  "drift_score": 0,
  "drift_warning_counter": 0,
  "exploration_ready": false,
  "rollbacked": false,
  "emergency_reset": false,
  "mutation_freeze_until": null,
  "metrics": {
    "memory_file_exists": 1,
    "memory_nonempty_line_count": 10,
    "memory_heading_count": 4,
    "duplicate_count": 0,
    "conflict_count": 0,
    "template_required_placeholder_ratio": 1,
    "categorization_category_count": 4,
    "categorization_pattern_count": 12,
    "categorization_coverage_ratio": 0.25,
    "line_count_zone_score": 0.5,
    "heading_count_zone_score": 1,
    "redundancy_penalty": 0,
    "conflict_penalty": 0,
    "length_inflation_penalty": 0
  }
}
{
  "utility_score": 0.5525,
  "final_score": 0.59725,
  "drift_score": 0,
  "drift_warning_counter": 0,
  "exploration_ready": true,
  "rollbacked": false,
  "emergency_reset": false,
  "mutation_freeze_until": null,
  "metrics": {
    "memory_file_exists": 1,
    "memory_nonempty_line_count": 10,
    "memory_heading_count": 4,
    "duplicate_count": 0,
    "conflict_count": 0,
    "template_required_placeholder_ratio": 1,
    "categorization_category_count": 4,
    "categorization_pattern_count": 12,
    "categorization_coverage_ratio": 0.25,
    "line_count_zone_score": 0.5,
    "heading_count_zone_score": 1,
    "redundancy_penalty": 0,
    "conflict_penalty": 0,
    "length_inflation_penalty": 0
  }
}
{
  "utility_score": 0.5525,
  "final_score": 0.59725,
  "drift_score": 0,
  "drift_warning_counter": 0,
  "exploration_ready": true,
  "rollbacked": false,
  "emergency_reset": false,
  "mutation_freeze_until": null,
  "metrics": {
    "memory_file_exists": 1,
    "memory_nonempty_line_count": 10,
    "memory_heading_count": 4,
    "duplicate_count": 0,
    "conflict_count": 0,
    "template_required_placeholder_ratio": 1,
    "categorization_category_count": 4,
    "categorization_pattern_count": 12,
    "categorization_coverage_ratio": 0.25,
    "line_count_zone_score": 0.5,
    "heading_count_zone_score": 1,
    "redundancy_penalty": 0,
    "conflict_penalty": 0,
    "length_inflation_penalty": 0
  }
}
{
  "utility_score": 0.5525,
  "final_score": 0.59725,
  "drift_score": 0,
  "drift_warning_counter": 0,
  "exploration_ready": true,
  "rollbacked": false,
  "emergency_reset": false,
  "mutation_freeze_until": null,
  "metrics": {
    "memory_file_exists": 1,
    "memory_nonempty_line_count": 10,
    "memory_heading_count": 4,
    "duplicate_count": 0,
    "conflict_count": 0,
    "template_required_placeholder_ratio": 1,
    "categorization_category_count": 4,
    "categorization_pattern_count": 12,
    "categorization_coverage_ratio": 0.25,
    "line_count_zone_score": 0.5,
    "heading_count_zone_score": 1,
    "redundancy_penalty": 0,
    "conflict_penalty": 0,
    "length_inflation_penalty": 0
  }
}
{
  "utility_score": 0.5525,
  "final_score": 0.59725,
  "drift_score": 0,
  "drift_warning_counter": 0,
  "exploration_ready": true,
  "rollbacked": false,
  "emergency_reset": false,
  "mutation_freeze_until": null,
  "metrics": {
    "memory_file_exists": 1,
    "memory_nonempty_line_count": 10,
    "memory_heading_count": 4,
    "duplicate_count": 0,
    "conflict_count": 0,
    "template_required_placeholder_ratio": 1,
    "categorization_category_count": 4,
    "categorization_pattern_count": 12,
    "categorization_coverage_ratio": 0.25,
    "line_count_zone_score": 0.5,
    "heading_count_zone_score": 1,
    "redundancy_penalty": 0,
    "conflict_penalty": 0,
    "length_inflation_penalty": 0
  }
}
{
  "utility_score": 0.5525,
  "final_score": 0.59725,
  "drift_score": 0,
  "drift_warning_counter": 0,
  "exploration_ready": true,
  "rollbacked": false,
  "emergency_reset": false,
  "mutation_freeze_until": null,
  "metrics": {
    "memory_file_exists": 1,
    "memory_nonempty_line_count": 10,
    "memory_heading_count": 4,
    "duplicate_count": 0,
    "conflict_count": 0,
    "template_required_placeholder_ratio": 1,
    "categorization_category_count": 4,
    "categorization_pattern_count": 12,
    "categorization_coverage_ratio": 0.25,
    "line_count_zone_score": 0.5,
    "heading_count_zone_score": 1,
    "redundancy_penalty": 0,
    "conflict_penalty": 0,
    "length_inflation_penalty": 0
  }
}
{
  "utility_score": 0.5525,
  "final_score": 0.59725,
  "drift_score": 0,
  "drift_warning_counter": 0,
  "exploration_ready": true,
  "rollbacked": false,
  "emergency_reset": false,
  "mutation_freeze_until": null,
  "metrics": {
    "memory_file_exists": 1,
    "memory_nonempty_line_count": 10,
    "memory_heading_count": 4,
    "duplicate_count": 0,
    "conflict_count": 0,
    "template_required_placeholder_ratio": 1,
    "categorization_category_count": 4,
    "categorization_pattern_count": 12,
    "categorization_coverage_ratio": 0.25,
    "line_count_zone_score": 0.5,
    "heading_count_zone_score": 1,
    "redundancy_penalty": 0,
    "conflict_penalty": 0,
    "length_inflation_penalty": 0
  }
}
{
  "utility_score": 0.5525,
  "final_score": 0.59725,
  "drift_score": 0,
  "drift_warning_counter": 0,
  "exploration_ready": true,
  "rollbacked": false,
  "emergency_reset": false,
  "mutation_freeze_until": null,
  "metrics": {
    "memory_file_exists": 1,
    "memory_nonempty_line_count": 10,
    "memory_heading_count": 4,
    "duplicate_count": 0,
    "conflict_count": 0,
    "template_required_placeholder_ratio": 1,
    "categorization_category_count": 4,
    "categorization_pattern_count": 12,
    "categorization_coverage_ratio": 0.25,
    "line_count_zone_score": 0.5,
    "heading_count_zone_score": 1,
    "redundancy_penalty": 0,
    "conflict_penalty": 0,
    "length_inflation_penalty": 0
  }
}
{
  "utility_score": 0.5525,
  "final_score": 0.59725,
  "drift_score": 0,
  "drift_warning_counter": 0,
  "exploration_ready": true,
  "rollbacked": false,
  "emergency_reset": false,
  "mutation_freeze_until": null,
  "metrics": {
    "memory_file_exists": 1,
    "memory_nonempty_line_count": 10,
    "memory_heading_count": 4,
    "duplicate_count": 0,
    "conflict_count": 0,
    "template_required_placeholder_ratio": 1,
    "categorization_category_count": 4,
    "categorization_pattern_count": 12,
    "categorization_coverage_ratio": 0.25,
    "line_count_zone_score": 0.5,
    "heading_count_zone_score": 1,
    "redundancy_penalty": 0,
    "conflict_penalty": 0,
    "length_inflation_penalty": 0
  }
}
{
  "utility_score": 0.5525,
  "final_score": 0.59725,
  "drift_score": 0,
  "drift_warning_counter": 0,
  "exploration_ready": true,
  "rollbacked": false,
  "emergency_reset": false,
  "mutation_freeze_until": null,
  "metrics": {
    "memory_file_exists": 1,
    "memory_nonempty_line_count": 10,
    "memory_heading_count": 4,
    "duplicate_count": 0,
    "conflict_count": 0,
    "template_required_placeholder_ratio": 1,
    "categorization_category_count": 4,
    "categorization_pattern_count": 12,
    "categorization_coverage_ratio": 0.25,
    "line_count_zone_score": 0.5,
    "heading_count_zone_score": 1,
    "redundancy_penalty": 0,
    "conflict_penalty": 0,
    "length_inflation_penalty": 0
  }
}
{
  "utility_score": 0.5525,
  "final_score": 0.59725,
  "drift_score": 0,
  "drift_warning_counter": 0,
  "exploration_ready": true,
  "rollbacked": false,
  "emergency_reset": false,
  "mutation_freeze_until": null,
  "metrics": {
    "memory_file_exists": 1,
    "memory_nonempty_line_count": 10,
    "memory_heading_count": 4,
    "duplicate_count": 0,
    "conflict_count": 0,
    "template_required_placeholder_ratio": 1,
    "categorization_category_count": 4,
    "categorization_pattern_count": 12,
    "categorization_coverage_ratio": 0.25,
    "line_count_zone_score": 0.5,
    "heading_count_zone_score": 1,
    "redundancy_penalty": 0,
    "conflict_penalty": 0,
    "length_inflation_penalty": 0
  }
}
{
  "utility_score": 0.5525,
  "final_score": 0.59725,
  "drift_score": 0,
  "drift_warning_counter": 0,
  "exploration_ready": true,
  "rollbacked": false,
  "emergency_reset": false,
  "mutation_freeze_until": null,
  "metrics": {
    "memory_file_exists": 1,
    "memory_nonempty_line_count": 10,
    "memory_heading_count": 4,
    "duplicate_count": 0,
    "conflict_count": 0,
    "template_required_placeholder_ratio": 1,
    "categorization_category_count": 4,
    "categorization_pattern_count": 12,
    "categorization_coverage_ratio": 0.25,
    "line_count_zone_score": 0.5,
    "heading_count_zone_score": 1,
    "redundancy_penalty": 0,
    "conflict_penalty": 0,
    "length_inflation_penalty": 0
  }
}
{
  "utility_score": 0.567045,
  "final_score": 0.608886,
  "drift_score": 0.014545,
  "drift_warning_counter": 0,
  "exploration_ready": false,
  "rollbacked": false,
  "emergency_reset": false,
  "mutation_freeze_until": null,
  "metrics": {
    "memory_file_exists": 1,
    "memory_nonempty_line_count": 10,
    "memory_heading_count": 4,
    "duplicate_count": 0,
    "conflict_count": 0,
    "template_required_placeholder_ratio": 1,
    "categorization_category_count": 4,
    "categorization_pattern_count": 12,
    "categorization_coverage_ratio": 0.25,
    "line_count_zone_score": 0.5,
    "heading_count_zone_score": 1,
    "redundancy_penalty": 0,
    "conflict_penalty": 0,
    "length_inflation_penalty": 0,
    "deletion_reward_score": 0,
    "pruning_gain_score": 0.090909,
    "redundancy_reduction_score": 0
  }
}
{
  "utility_score": 0.567045,
  "final_score": 0.608886,
  "drift_score": 0.014545,
  "drift_warning_counter": 0,
  "exploration_ready": false,
  "rollbacked": false,
  "emergency_reset": false,
  "mutation_freeze_until": null,
  "metrics": {
    "memory_file_exists": 1,
    "memory_nonempty_line_count": 10,
    "memory_heading_count": 4,
    "duplicate_count": 0,
    "conflict_count": 0,
    "template_required_placeholder_ratio": 1,
    "categorization_category_count": 4,
    "categorization_pattern_count": 12,
    "categorization_coverage_ratio": 0.25,
    "line_count_zone_score": 0.5,
    "heading_count_zone_score": 1,
    "redundancy_penalty": 0,
    "conflict_penalty": 0,
    "length_inflation_penalty": 0,
    "deletion_reward_score": 0,
    "pruning_gain_score": 0.090909,
    "redundancy_reduction_score": 0
  }
}
{
  "utility_score": 0.567045,
  "final_score": 0.608886,
  "drift_score": 0.014545,
  "drift_warning_counter": 0,
  "exploration_ready": false,
  "rollbacked": false,
  "emergency_reset": false,
  "mutation_freeze_until": null,
  "metrics": {
    "memory_file_exists": 1,
    "memory_nonempty_line_count": 10,
    "memory_heading_count": 4,
    "duplicate_count": 0,
    "conflict_count": 0,
    "template_required_placeholder_ratio": 1,
    "categorization_category_count": 4,
    "categorization_pattern_count": 12,
    "categorization_coverage_ratio": 0.25,
    "line_count_zone_score": 0.5,
    "heading_count_zone_score": 1,
    "redundancy_penalty": 0,
    "conflict_penalty": 0,
    "length_inflation_penalty": 0,
    "deletion_reward_score": 0,
    "pruning_gain_score": 0.090909,
    "redundancy_reduction_score": 0
  }
}
{
  "at": "2026-02-24T16:00:00.475Z",
  "type": "mutation_attempt",
  "decision": "skipped",
  "reason": "no_prunable_memory_found"
}
{
  "utility_score": 0.567045,
  "final_score": 0.608886,
  "drift_score": 0.014545,
  "drift_warning_counter": 0,
  "exploration_ready": true,
  "rollbacked": false,
  "emergency_reset": false,
  "mutation_freeze_until": null,
  "metrics": {
    "memory_file_exists": 1,
    "memory_nonempty_line_count": 10,
    "memory_heading_count": 4,
    "duplicate_count": 0,
    "conflict_count": 0,
    "template_required_placeholder_ratio": 1,
    "categorization_category_count": 4,
    "categorization_pattern_count": 12,
    "categorization_coverage_ratio": 0.25,
    "line_count_zone_score": 0.5,
    "heading_count_zone_score": 1,
    "redundancy_penalty": 0,
    "conflict_penalty": 0,
    "length_inflation_penalty": 0,
    "deletion_reward_score": 0,
    "pruning_gain_score": 0.090909,
    "redundancy_reduction_score": 0
  }
}
{
  "utility_score": 0.567045,
  "final_score": 0.608886,
  "drift_score": 0.014545,
  "drift_warning_counter": 0,
  "exploration_ready": true,
  "rollbacked": false,
  "emergency_reset": false,
  "mutation_freeze_until": null,
  "metrics": {
    "memory_file_exists": 1,
    "memory_nonempty_line_count": 10,
    "memory_heading_count": 4,
    "duplicate_count": 0,
    "conflict_count": 0,
    "template_required_placeholder_ratio": 1,
    "categorization_category_count": 4,
    "categorization_pattern_count": 12,
    "categorization_coverage_ratio": 0.25,
    "line_count_zone_score": 0.5,
    "heading_count_zone_score": 1,
    "redundancy_penalty": 0,
    "conflict_penalty": 0,
    "length_inflation_penalty": 0,
    "deletion_reward_score": 0,
    "pruning_gain_score": 0.090909,
    "redundancy_reduction_score": 0
  }
}
{
  "utility_score": 0.567045,
  "final_score": 0.608886,
  "drift_score": 0.014545,
  "drift_warning_counter": 0,
  "exploration_ready": true,
  "rollbacked": false,
  "emergency_reset": false,
  "mutation_freeze_until": null,
  "metrics": {
    "memory_file_exists": 1,
    "memory_nonempty_line_count": 10,
    "memory_heading_count": 4,
    "duplicate_count": 0,
    "conflict_count": 0,
    "template_required_placeholder_ratio": 1,
    "categorization_category_count": 4,
    "categorization_pattern_count": 12,
    "categorization_coverage_ratio": 0.25,
    "line_count_zone_score": 0.5,
    "heading_count_zone_score": 1,
    "redundancy_penalty": 0,
    "conflict_penalty": 0,
    "length_inflation_penalty": 0,
    "deletion_reward_score": 0,
    "pruning_gain_score": 0.090909,
    "redundancy_reduction_score": 0
  }
}
